<?xml version="1.0" encoding="UTF-8" ?>
<testsuite tests="3" failures="0" name="ConsoleOutput.ConsoleOutputTest" time="0" errors="0" skipped="0">
  <properties>
[...]
</properties>
  <testcase classname="ConsoleOutput.ConsoleOutputTest" name="should_display_difficulty_menu" time="0"/>
  <testcase classname="ConsoleOutput.ConsoleOutputTest" name="should_display_value_of_menu_error" time="0"/>
  <testcase classname="ConsoleOutput.ConsoleOutputTest" name="should_display_rules" time="0"/>
</testsuite>